{"name":"Initialisation","testCaseName":"com.serenity.appium.poc.serenityAppiumPOC.FlipkartAppTest","userStory":{"id":"com.serenity.appium.poc.serenityAppiumPOC.FlipkartAppTest","storyName":"Flipkart app test","storyClassName":"com.serenity.appium.poc.serenityAppiumPOC.FlipkartAppTest","path":"com.serenity.appium.poc.serenityAppiumPOC","type":"story"},"featureTag":{"name":"Serenity appium POC/Flipkart app test","type":"story"},"title":"Initialisation","tags":[{"name":"Serenity appium POC/Flipkart app test","type":"story"}],"startTime":1479402258273,"duration":0,"testFailureCause":{"errorType":"net.thucydides.core.pages.WrongPageError","message":"The page object class com.serenity.appium.poc.serenityAppiumPOC.FlipkartLoginPage looks dodgy:\nThis page object does not appear have a constructor that takes a WebDriver parameter","stackTrace":[{"declaringClass":"org.eclipse.jdt.internal.junit4.runner.JUnit4TestReference","methodName":"run","fileName":"JUnit4TestReference.java","lineNumber":86},{"declaringClass":"org.eclipse.jdt.internal.junit.runner.TestExecution","methodName":"run","fileName":"TestExecution.java","lineNumber":38},{"declaringClass":"org.eclipse.jdt.internal.junit.runner.RemoteTestRunner","methodName":"runTests","fileName":"RemoteTestRunner.java","lineNumber":459},{"declaringClass":"org.eclipse.jdt.internal.junit.runner.RemoteTestRunner","methodName":"runTests","fileName":"RemoteTestRunner.java","lineNumber":678},{"declaringClass":"org.eclipse.jdt.internal.junit.runner.RemoteTestRunner","methodName":"run","fileName":"RemoteTestRunner.java","lineNumber":382},{"declaringClass":"org.eclipse.jdt.internal.junit.runner.RemoteTestRunner","methodName":"main","fileName":"RemoteTestRunner.java","lineNumber":192}]},"testFailureClassname":"net.thucydides.core.pages.WrongPageError","testFailureMessage":"The page object class com.serenity.appium.poc.serenityAppiumPOC.FlipkartLoginPage looks dodgy:\nThis page object does not appear have a constructor that takes a WebDriver parameter","annotatedResult":"FAILURE","manual":false,"testSource":"JUnit","result":"FAILURE"}